[INFO] 2026-06-24 15:39:00 — Pangolin PoC starting...
[INFO] 2026-06-24 15:39:00 — Generating sample file (102,400 bytes)...
[INFO] 2026-06-24 15:39:00 — Sample file created: /home/mole/Documents/Projects/pangolin/data/sender/sample_document.bin
[INFO] 2026-06-24 15:39:00 — Input file: sample_document.bin (102,400 bytes)
[INFO] 2026-06-24 15:39:00 — Generating Kyber768 key pair...
[INFO] 2026-06-24 15:39:00 — Key pair generated in 1.47 ms (public key: 1184 bytes, secret key: 2400 bytes)
[INFO] 2026-06-24 15:39:00 — Computing SHA-256 hash for: sample_document.bin
[INFO] 2026-06-24 15:39:00 — SHA-256 hash computed in 0.52 ms: 4538a3dd149ad0fa...
[INFO] 2026-06-24 15:39:00 — Encapsulating shared secret with Kyber768...
[INFO] 2026-06-24 15:39:00 — Encapsulation completed in 0.26 ms (ciphertext: 1088 bytes, shared secret: 32 bytes)
[INFO] 2026-06-24 15:39:00 — AES-256 key derived (32 bytes)
[INFO] 2026-06-24 15:39:00 — Encrypting file: sample_document.bin (102400 bytes)
[INFO] 2026-06-24 15:39:00 — Encryption completed in 0.85 ms (ciphertext: 102400 bytes, tag: 16 bytes)
[INFO] 2026-06-24 15:39:00 — Encrypted file saved: /home/mole/Documents/Projects/pangolin/data/encrypted/sample_document.bin.enc
[INFO] 2026-06-24 15:39:00 — KEM ciphertext saved: /home/mole/Documents/Projects/pangolin/data/encrypted/sample_document.bin.kem
[INFO] 2026-06-24 15:39:00 — Metadata created for: sample_document.bin
[INFO] 2026-06-24 15:39:00 — Metadata saved to: /home/mole/Documents/Projects/pangolin/data/encrypted/sample_document.bin.meta.json
[INFO] 2026-06-24 15:39:00 — Simulating batch transfer of 3 file(s)...
[INFO] 2026-06-24 15:39:00 — Batch transfer completed in 1.87 ms (3 file(s), 103,874 bytes total)
[INFO] 2026-06-24 15:39:00 — Decapsulating shared secret with Kyber768...
[INFO] 2026-06-24 15:39:00 — Decapsulation completed in 0.13 ms (shared secret: 32 bytes)
[INFO] 2026-06-24 15:39:00 — Shared secrets match ✓
[INFO] 2026-06-24 15:39:00 — Decrypting data (102400 bytes)...
[INFO] 2026-06-24 15:39:00 — Decryption completed in 0.18 ms (plaintext: 102400 bytes)
[INFO] 2026-06-24 15:39:00 — Decrypted file saved: /home/mole/Documents/Projects/pangolin/data/receiver/decrypted_sample_document.bin
[INFO] 2026-06-24 15:39:00 — Metadata loaded from: /home/mole/Documents/Projects/pangolin/data/receiver/sample_document.bin.meta.json
[INFO] 2026-06-24 15:39:00 — Computing SHA-256 hash for 102400 bytes of data
[INFO] 2026-06-24 15:39:00 — SHA-256 hash computed in 0.17 ms: 4538a3dd149ad0fa...
[INFO] 2026-06-24 15:39:00 — Integrity verification PASSED for decrypted data
[INFO] 2026-06-24 15:39:00 — Pangolin PoC finished.
[INFO] 2026-06-24 15:39:13 — Pangolin PoC starting...
[INFO] 2026-06-24 15:39:13 — 
============================================================
[INFO] 2026-06-24 15:39:13 — Benchmarking file size: 1 KB
[INFO] 2026-06-24 15:39:13 — ============================================================
[INFO] 2026-06-24 15:39:13 — 
--- Iteration 1/5 ---
[INFO] 2026-06-24 15:39:13 — Generating Kyber768 key pair...
[INFO] 2026-06-24 15:39:13 — Key pair generated in 1.09 ms (public key: 1184 bytes, secret key: 2400 bytes)
[INFO] 2026-06-24 15:39:13 — [BENCHMARK] key_generation: 1.365 ms | CPU: 0.0% | RAM: 34.89 MB
[INFO] 2026-06-24 15:39:13 — Encapsulating shared secret with Kyber768...
[INFO] 2026-06-24 15:39:13 — Encapsulation completed in 0.27 ms (ciphertext: 1088 bytes, shared secret: 32 bytes)
[INFO] 2026-06-24 15:39:13 — [BENCHMARK] encapsulation: 0.551 ms | CPU: 0.0% | RAM: 34.90 MB
[INFO] 2026-06-24 15:39:13 — Encrypting file: _benchmark_1024.bin (1024 bytes)
[INFO] 2026-06-24 15:39:13 — Encryption completed in 0.45 ms (ciphertext: 1024 bytes, tag: 16 bytes)
[INFO] 2026-06-24 15:39:13 — [BENCHMARK] encryption: 0.776 ms | CPU: 0.0% | RAM: 35.55 MB
[INFO] 2026-06-24 15:39:13 — Computing SHA-256 hash for 1024 bytes of data
[INFO] 2026-06-24 15:39:13 — SHA-256 hash computed in 0.03 ms: de9f6849857c77f4...
[INFO] 2026-06-24 15:39:13 — [BENCHMARK] hash_computation: 0.213 ms | CPU: 0.0% | RAM: 35.55 MB
[INFO] 2026-06-24 15:39:13 — Decapsulating shared secret with Kyber768...
[INFO] 2026-06-24 15:39:13 — Decapsulation completed in 0.12 ms (shared secret: 32 bytes)
[INFO] 2026-06-24 15:39:13 — [BENCHMARK] decapsulation: 0.325 ms | CPU: 0.0% | RAM: 35.55 MB
[INFO] 2026-06-24 15:39:13 — Decrypting data (1024 bytes)...
[INFO] 2026-06-24 15:39:13 — Decryption completed in 0.04 ms (plaintext: 1024 bytes)
[INFO] 2026-06-24 15:39:13 — [BENCHMARK] decryption: 0.229 ms | CPU: 0.0% | RAM: 35.68 MB
[INFO] 2026-06-24 15:39:13 — 
--- Iteration 2/5 ---
[INFO] 2026-06-24 15:39:13 — Generating Kyber768 key pair...
[INFO] 2026-06-24 15:39:13 — Key pair generated in 0.10 ms (public key: 1184 bytes, secret key: 2400 bytes)
[INFO] 2026-06-24 15:39:13 — [BENCHMARK] key_generation: 0.302 ms | CPU: 0.0% | RAM: 35.68 MB
[INFO] 2026-06-24 15:39:13 — Encapsulating shared secret with Kyber768...
[INFO] 2026-06-24 15:39:13 — Encapsulation completed in 0.09 ms (ciphertext: 1088 bytes, shared secret: 32 bytes)
[INFO] 2026-06-24 15:39:13 — [BENCHMARK] encapsulation: 0.303 ms | CPU: 0.0% | RAM: 35.68 MB
[INFO] 2026-06-24 15:39:13 — Encrypting file: _benchmark_1024.bin (1024 bytes)
[INFO] 2026-06-24 15:39:13 — Encryption completed in 0.05 ms (ciphertext: 1024 bytes, tag: 16 bytes)
[INFO] 2026-06-24 15:39:13 — [BENCHMARK] encryption: 0.285 ms | CPU: 0.0% | RAM: 35.68 MB
[INFO] 2026-06-24 15:39:13 — Computing SHA-256 hash for 1024 bytes of data
[INFO] 2026-06-24 15:39:13 — SHA-256 hash computed in 0.02 ms: de9f6849857c77f4...
[INFO] 2026-06-24 15:39:13 — [BENCHMARK] hash_computation: 0.191 ms | CPU: 3710.4% | RAM: 35.68 MB
[INFO] 2026-06-24 15:39:13 — Decapsulating shared secret with Kyber768...
[INFO] 2026-06-24 15:39:13 — Decapsulation completed in 0.09 ms (shared secret: 32 bytes)
[INFO] 2026-06-24 15:39:13 — [BENCHMARK] decapsulation: 0.256 ms | CPU: 0.0% | RAM: 35.68 MB
[INFO] 2026-06-24 15:39:13 — Decrypting data (1024 bytes)...
[INFO] 2026-06-24 15:39:13 — Decryption completed in 0.10 ms (plaintext: 1024 bytes)
[INFO] 2026-06-24 15:39:13 — [BENCHMARK] decryption: 0.571 ms | CPU: 0.0% | RAM: 35.68 MB
[INFO] 2026-06-24 15:39:13 — 
--- Iteration 3/5 ---
[INFO] 2026-06-24 15:39:13 — Generating Kyber768 key pair...
[INFO] 2026-06-24 15:39:13 — Key pair generated in 0.09 ms (public key: 1184 bytes, secret key: 2400 bytes)
[INFO] 2026-06-24 15:39:13 — [BENCHMARK] key_generation: 0.280 ms | CPU: 0.0% | RAM: 35.68 MB
[INFO] 2026-06-24 15:39:13 — Encapsulating shared secret with Kyber768...
[INFO] 2026-06-24 15:39:13 — Encapsulation completed in 0.09 ms (ciphertext: 1088 bytes, shared secret: 32 bytes)
[INFO] 2026-06-24 15:39:13 — [BENCHMARK] encapsulation: 0.261 ms | CPU: 2945.0% | RAM: 35.69 MB
[INFO] 2026-06-24 15:39:13 — Encrypting file: _benchmark_1024.bin (1024 bytes)
[INFO] 2026-06-24 15:39:13 — Encryption completed in 0.05 ms (ciphertext: 1024 bytes, tag: 16 bytes)
[INFO] 2026-06-24 15:39:13 — [BENCHMARK] encryption: 0.274 ms | CPU: 0.0% | RAM: 35.69 MB
[INFO] 2026-06-24 15:39:13 — Computing SHA-256 hash for 1024 bytes of data
[INFO] 2026-06-24 15:39:13 — SHA-256 hash computed in 0.01 ms: de9f6849857c77f4...
[INFO] 2026-06-24 15:39:13 — [BENCHMARK] hash_computation: 0.184 ms | CPU: 0.0% | RAM: 35.69 MB
[INFO] 2026-06-24 15:39:13 — Decapsulating shared secret with Kyber768...
[INFO] 2026-06-24 15:39:13 — Decapsulation completed in 0.08 ms (shared secret: 32 bytes)
[INFO] 2026-06-24 15:39:13 — [BENCHMARK] decapsulation: 0.251 ms | CPU: 0.0% | RAM: 35.69 MB
[INFO] 2026-06-24 15:39:13 — Decrypting data (1024 bytes)...
[INFO] 2026-06-24 15:39:13 — Decryption completed in 0.02 ms (plaintext: 1024 bytes)
[INFO] 2026-06-24 15:39:13 — [BENCHMARK] decryption: 0.201 ms | CPU: 0.0% | RAM: 35.69 MB
[INFO] 2026-06-24 15:39:13 — 
--- Iteration 4/5 ---
[INFO] 2026-06-24 15:39:13 — Generating Kyber768 key pair...
[INFO] 2026-06-24 15:39:13 — Key pair generated in 0.09 ms (public key: 1184 bytes, secret key: 2400 bytes)
[INFO] 2026-06-24 15:39:13 — [BENCHMARK] key_generation: 0.256 ms | CPU: 0.0% | RAM: 35.69 MB
[INFO] 2026-06-24 15:39:13 — Encapsulating shared secret with Kyber768...
[INFO] 2026-06-24 15:39:13 — Encapsulation completed in 0.09 ms (ciphertext: 1088 bytes, shared secret: 32 bytes)
[INFO] 2026-06-24 15:39:13 — [BENCHMARK] encapsulation: 0.281 ms | CPU: 0.0% | RAM: 35.69 MB
[INFO] 2026-06-24 15:39:13 — Encrypting file: _benchmark_1024.bin (1024 bytes)
[INFO] 2026-06-24 15:39:13 — Encryption completed in 0.05 ms (ciphertext: 1024 bytes, tag: 16 bytes)
[INFO] 2026-06-24 15:39:13 — [BENCHMARK] encryption: 0.277 ms | CPU: 0.0% | RAM: 35.69 MB
[INFO] 2026-06-24 15:39:13 — Computing SHA-256 hash for 1024 bytes of data
[INFO] 2026-06-24 15:39:13 — SHA-256 hash computed in 0.01 ms: de9f6849857c77f4...
[INFO] 2026-06-24 15:39:13 — [BENCHMARK] hash_computation: 0.172 ms | CPU: 0.0% | RAM: 35.70 MB
[INFO] 2026-06-24 15:39:13 — Decapsulating shared secret with Kyber768...
[INFO] 2026-06-24 15:39:13 — Decapsulation completed in 0.24 ms (shared secret: 32 bytes)
[INFO] 2026-06-24 15:39:13 — [BENCHMARK] decapsulation: 0.464 ms | CPU: 0.0% | RAM: 35.70 MB
[INFO] 2026-06-24 15:39:13 — Decrypting data (1024 bytes)...
[INFO] 2026-06-24 15:39:13 — Decryption completed in 0.02 ms (plaintext: 1024 bytes)
[INFO] 2026-06-24 15:39:13 — [BENCHMARK] decryption: 0.209 ms | CPU: 0.0% | RAM: 35.70 MB
[INFO] 2026-06-24 15:39:13 — 
--- Iteration 5/5 ---
[INFO] 2026-06-24 15:39:13 — Generating Kyber768 key pair...
[INFO] 2026-06-24 15:39:13 — Key pair generated in 0.12 ms (public key: 1184 bytes, secret key: 2400 bytes)
[INFO] 2026-06-24 15:39:13 — [BENCHMARK] key_generation: 0.297 ms | CPU: 0.0% | RAM: 35.70 MB
[INFO] 2026-06-24 15:39:13 — Encapsulating shared secret with Kyber768...
[INFO] 2026-06-24 15:39:13 — Encapsulation completed in 0.09 ms (ciphertext: 1088 bytes, shared secret: 32 bytes)
[INFO] 2026-06-24 15:39:13 — [BENCHMARK] encapsulation: 0.261 ms | CPU: 0.0% | RAM: 35.70 MB
[INFO] 2026-06-24 15:39:13 — Encrypting file: _benchmark_1024.bin (1024 bytes)
[INFO] 2026-06-24 15:39:13 — Encryption completed in 0.05 ms (ciphertext: 1024 bytes, tag: 16 bytes)
[INFO] 2026-06-24 15:39:13 — [BENCHMARK] encryption: 0.259 ms | CPU: 0.0% | RAM: 35.70 MB
[INFO] 2026-06-24 15:39:13 — Computing SHA-256 hash for 1024 bytes of data
[INFO] 2026-06-24 15:39:13 — SHA-256 hash computed in 0.01 ms: de9f6849857c77f4...
[INFO] 2026-06-24 15:39:13 — [BENCHMARK] hash_computation: 0.177 ms | CPU: 0.0% | RAM: 35.70 MB
[INFO] 2026-06-24 15:39:13 — Decapsulating shared secret with Kyber768...
[INFO] 2026-06-24 15:39:13 — Decapsulation completed in 0.08 ms (shared secret: 32 bytes)
[INFO] 2026-06-24 15:39:13 — [BENCHMARK] decapsulation: 0.258 ms | CPU: 0.0% | RAM: 35.70 MB
[INFO] 2026-06-24 15:39:13 — Decrypting data (1024 bytes)...
[INFO] 2026-06-24 15:39:13 — Decryption completed in 0.02 ms (plaintext: 1024 bytes)
[INFO] 2026-06-24 15:39:13 — [BENCHMARK] decryption: 0.179 ms | CPU: 0.0% | RAM: 35.70 MB
[INFO] 2026-06-24 15:39:13 — 
============================================================
[INFO] 2026-06-24 15:39:13 — Benchmarking file size: 100 KB
[INFO] 2026-06-24 15:39:13 — ============================================================
[INFO] 2026-06-24 15:39:13 — 
--- Iteration 1/5 ---
[INFO] 2026-06-24 15:39:13 — Generating Kyber768 key pair...
[INFO] 2026-06-24 15:39:13 — Key pair generated in 0.09 ms (public key: 1184 bytes, secret key: 2400 bytes)
[INFO] 2026-06-24 15:39:13 — [BENCHMARK] key_generation: 0.293 ms | CPU: 0.0% | RAM: 35.81 MB
[INFO] 2026-06-24 15:39:13 — Encapsulating shared secret with Kyber768...
[INFO] 2026-06-24 15:39:13 — Encapsulation completed in 0.09 ms (ciphertext: 1088 bytes, shared secret: 32 bytes)
[INFO] 2026-06-24 15:39:13 — [BENCHMARK] encapsulation: 0.277 ms | CPU: 0.0% | RAM: 35.81 MB
[INFO] 2026-06-24 15:39:13 — Encrypting file: _benchmark_102400.bin (102400 bytes)
[INFO] 2026-06-24 15:39:13 — Encryption completed in 0.27 ms (ciphertext: 102400 bytes, tag: 16 bytes)
[INFO] 2026-06-24 15:39:13 — [BENCHMARK] encryption: 0.537 ms | CPU: 0.0% | RAM: 36.00 MB
[INFO] 2026-06-24 15:39:13 — Computing SHA-256 hash for 102400 bytes of data
[INFO] 2026-06-24 15:39:13 — SHA-256 hash computed in 0.19 ms: 654df6b53c07c0a5...
[INFO] 2026-06-24 15:39:13 — [BENCHMARK] hash_computation: 0.353 ms | CPU: 0.0% | RAM: 36.00 MB
[INFO] 2026-06-24 15:39:13 — Decapsulating shared secret with Kyber768...
[INFO] 2026-06-24 15:39:13 — Decapsulation completed in 0.08 ms (shared secret: 32 bytes)
[INFO] 2026-06-24 15:39:13 — [BENCHMARK] decapsulation: 0.243 ms | CPU: 0.0% | RAM: 36.00 MB
[INFO] 2026-06-24 15:39:13 — Decrypting data (102400 bytes)...
[INFO] 2026-06-24 15:39:13 — Decryption completed in 0.06 ms (plaintext: 102400 bytes)
[INFO] 2026-06-24 15:39:13 — [BENCHMARK] decryption: 0.227 ms | CPU: 0.0% | RAM: 36.00 MB
[INFO] 2026-06-24 15:39:13 — 
--- Iteration 2/5 ---
[INFO] 2026-06-24 15:39:13 — Generating Kyber768 key pair...
[INFO] 2026-06-24 15:39:13 — Key pair generated in 0.10 ms (public key: 1184 bytes, secret key: 2400 bytes)
[INFO] 2026-06-24 15:39:13 — [BENCHMARK] key_generation: 0.265 ms | CPU: 0.0% | RAM: 36.00 MB
[INFO] 2026-06-24 15:39:13 — Encapsulating shared secret with Kyber768...
[INFO] 2026-06-24 15:39:13 — Encapsulation completed in 0.09 ms (ciphertext: 1088 bytes, shared secret: 32 bytes)
[INFO] 2026-06-24 15:39:13 — [BENCHMARK] encapsulation: 0.252 ms | CPU: 0.0% | RAM: 36.00 MB
[INFO] 2026-06-24 15:39:13 — Encrypting file: _benchmark_102400.bin (102400 bytes)
[INFO] 2026-06-24 15:39:13 — Encryption completed in 0.27 ms (ciphertext: 102400 bytes, tag: 16 bytes)
[INFO] 2026-06-24 15:39:13 — [BENCHMARK] encryption: 0.499 ms | CPU: 0.0% | RAM: 36.20 MB
[INFO] 2026-06-24 15:39:13 — Computing SHA-256 hash for 102400 bytes of data
[INFO] 2026-06-24 15:39:13 — SHA-256 hash computed in 0.17 ms: 654df6b53c07c0a5...
[INFO] 2026-06-24 15:39:13 — [BENCHMARK] hash_computation: 0.334 ms | CPU: 0.0% | RAM: 36.20 MB
[INFO] 2026-06-24 15:39:13 — Decapsulating shared secret with Kyber768...
[INFO] 2026-06-24 15:39:13 — Decapsulation completed in 0.08 ms (shared secret: 32 bytes)
[INFO] 2026-06-24 15:39:13 — [BENCHMARK] decapsulation: 0.260 ms | CPU: 0.0% | RAM: 36.20 MB
[INFO] 2026-06-24 15:39:13 — Decrypting data (102400 bytes)...
[INFO] 2026-06-24 15:39:13 — Decryption completed in 0.06 ms (plaintext: 102400 bytes)
[INFO] 2026-06-24 15:39:13 — [BENCHMARK] decryption: 0.227 ms | CPU: 0.0% | RAM: 36.20 MB
[INFO] 2026-06-24 15:39:13 — 
--- Iteration 3/5 ---
[INFO] 2026-06-24 15:39:13 — Generating Kyber768 key pair...
[INFO] 2026-06-24 15:39:13 — Key pair generated in 0.08 ms (public key: 1184 bytes, secret key: 2400 bytes)
[INFO] 2026-06-24 15:39:13 — [BENCHMARK] key_generation: 0.258 ms | CPU: 0.0% | RAM: 36.20 MB
[INFO] 2026-06-24 15:39:13 — Encapsulating shared secret with Kyber768...
[INFO] 2026-06-24 15:39:13 — Encapsulation completed in 0.08 ms (ciphertext: 1088 bytes, shared secret: 32 bytes)
[INFO] 2026-06-24 15:39:13 — [BENCHMARK] encapsulation: 0.270 ms | CPU: 0.0% | RAM: 36.20 MB
[INFO] 2026-06-24 15:39:13 — Encrypting file: _benchmark_102400.bin (102400 bytes)
[INFO] 2026-06-24 15:39:13 — Encryption completed in 0.10 ms (ciphertext: 102400 bytes, tag: 16 bytes)
[INFO] 2026-06-24 15:39:13 — [BENCHMARK] encryption: 0.312 ms | CPU: 0.0% | RAM: 36.20 MB
[INFO] 2026-06-24 15:39:13 — Computing SHA-256 hash for 102400 bytes of data
[INFO] 2026-06-24 15:39:13 — SHA-256 hash computed in 0.17 ms: 654df6b53c07c0a5...
[INFO] 2026-06-24 15:39:13 — [BENCHMARK] hash_computation: 0.325 ms | CPU: 0.0% | RAM: 36.20 MB
[INFO] 2026-06-24 15:39:13 — Decapsulating shared secret with Kyber768...
[INFO] 2026-06-24 15:39:13 — Decapsulation completed in 0.09 ms (shared secret: 32 bytes)
[INFO] 2026-06-24 15:39:13 — [BENCHMARK] decapsulation: 0.261 ms | CPU: 0.0% | RAM: 36.20 MB
[INFO] 2026-06-24 15:39:13 — Decrypting data (102400 bytes)...
[INFO] 2026-06-24 15:39:13 — Decryption completed in 0.06 ms (plaintext: 102400 bytes)
[INFO] 2026-06-24 15:39:13 — [BENCHMARK] decryption: 0.232 ms | CPU: 3239.5% | RAM: 36.20 MB
[INFO] 2026-06-24 15:39:13 — 
--- Iteration 4/5 ---
[INFO] 2026-06-24 15:39:13 — Generating Kyber768 key pair...
[INFO] 2026-06-24 15:39:13 — Key pair generated in 0.09 ms (public key: 1184 bytes, secret key: 2400 bytes)
[INFO] 2026-06-24 15:39:13 — [BENCHMARK] key_generation: 0.255 ms | CPU: 0.0% | RAM: 36.20 MB
[INFO] 2026-06-24 15:39:13 — Encapsulating shared secret with Kyber768...
[INFO] 2026-06-24 15:39:13 — Encapsulation completed in 0.10 ms (ciphertext: 1088 bytes, shared secret: 32 bytes)
[INFO] 2026-06-24 15:39:13 — [BENCHMARK] encapsulation: 0.266 ms | CPU: 0.0% | RAM: 36.20 MB
[INFO] 2026-06-24 15:39:13 — Encrypting file: _benchmark_102400.bin (102400 bytes)
[INFO] 2026-06-24 15:39:13 — Encryption completed in 0.10 ms (ciphertext: 102400 bytes, tag: 16 bytes)
[INFO] 2026-06-24 15:39:13 — [BENCHMARK] encryption: 0.322 ms | CPU: 0.0% | RAM: 36.20 MB
[INFO] 2026-06-24 15:39:13 — Computing SHA-256 hash for 102400 bytes of data
[INFO] 2026-06-24 15:39:13 — SHA-256 hash computed in 0.17 ms: 654df6b53c07c0a5...
[INFO] 2026-06-24 15:39:13 — [BENCHMARK] hash_computation: 0.330 ms | CPU: 0.0% | RAM: 36.20 MB
[INFO] 2026-06-24 15:39:13 — Decapsulating shared secret with Kyber768...
[INFO] 2026-06-24 15:39:13 — Decapsulation completed in 0.09 ms (shared secret: 32 bytes)
[INFO] 2026-06-24 15:39:13 — [BENCHMARK] decapsulation: 0.254 ms | CPU: 0.0% | RAM: 36.20 MB
[INFO] 2026-06-24 15:39:13 — Decrypting data (102400 bytes)...
[INFO] 2026-06-24 15:39:13 — Decryption completed in 0.06 ms (plaintext: 102400 bytes)
[INFO] 2026-06-24 15:39:13 — [BENCHMARK] decryption: 0.228 ms | CPU: 0.0% | RAM: 36.20 MB
[INFO] 2026-06-24 15:39:13 — 
--- Iteration 5/5 ---
[INFO] 2026-06-24 15:39:13 — Generating Kyber768 key pair...
[INFO] 2026-06-24 15:39:13 — Key pair generated in 0.08 ms (public key: 1184 bytes, secret key: 2400 bytes)
[INFO] 2026-06-24 15:39:13 — [BENCHMARK] key_generation: 0.248 ms | CPU: 0.0% | RAM: 36.20 MB
[INFO] 2026-06-24 15:39:13 — Encapsulating shared secret with Kyber768...
[INFO] 2026-06-24 15:39:13 — Encapsulation completed in 0.09 ms (ciphertext: 1088 bytes, shared secret: 32 bytes)
[INFO] 2026-06-24 15:39:13 — [BENCHMARK] encapsulation: 0.264 ms | CPU: 0.0% | RAM: 36.20 MB
[INFO] 2026-06-24 15:39:13 — Encrypting file: _benchmark_102400.bin (102400 bytes)
[INFO] 2026-06-24 15:39:13 — Encryption completed in 0.19 ms (ciphertext: 102400 bytes, tag: 16 bytes)
[INFO] 2026-06-24 15:39:13 — [BENCHMARK] encryption: 0.424 ms | CPU: 0.0% | RAM: 36.30 MB
[INFO] 2026-06-24 15:39:13 — Computing SHA-256 hash for 102400 bytes of data
[INFO] 2026-06-24 15:39:13 — SHA-256 hash computed in 0.17 ms: 654df6b53c07c0a5...
[INFO] 2026-06-24 15:39:13 — [BENCHMARK] hash_computation: 0.327 ms | CPU: 0.0% | RAM: 36.30 MB
[INFO] 2026-06-24 15:39:13 — Decapsulating shared secret with Kyber768...
[INFO] 2026-06-24 15:39:13 — Decapsulation completed in 0.08 ms (shared secret: 32 bytes)
[INFO] 2026-06-24 15:39:13 — [BENCHMARK] decapsulation: 0.246 ms | CPU: 0.0% | RAM: 36.30 MB
[INFO] 2026-06-24 15:39:13 — Decrypting data (102400 bytes)...
[INFO] 2026-06-24 15:39:13 — Decryption completed in 0.06 ms (plaintext: 102400 bytes)
[INFO] 2026-06-24 15:39:13 — [BENCHMARK] decryption: 0.246 ms | CPU: 0.0% | RAM: 36.30 MB
[INFO] 2026-06-24 15:39:13 — 
============================================================
[INFO] 2026-06-24 15:39:13 — Benchmarking file size: 1 MB
[INFO] 2026-06-24 15:39:13 — ============================================================
[INFO] 2026-06-24 15:39:13 — 
--- Iteration 1/5 ---
[INFO] 2026-06-24 15:39:13 — Generating Kyber768 key pair...
[INFO] 2026-06-24 15:39:13 — Key pair generated in 0.13 ms (public key: 1184 bytes, secret key: 2400 bytes)
[INFO] 2026-06-24 15:39:13 — [BENCHMARK] key_generation: 0.334 ms | CPU: 0.0% | RAM: 37.30 MB
[INFO] 2026-06-24 15:39:13 — Encapsulating shared secret with Kyber768...
[INFO] 2026-06-24 15:39:13 — Encapsulation completed in 0.12 ms (ciphertext: 1088 bytes, shared secret: 32 bytes)
[INFO] 2026-06-24 15:39:13 — [BENCHMARK] encapsulation: 0.338 ms | CPU: 0.0% | RAM: 37.30 MB
[INFO] 2026-06-24 15:39:13 — Encrypting file: _benchmark_1048576.bin (1048576 bytes)
[INFO] 2026-06-24 15:39:13 — Encryption completed in 3.10 ms (ciphertext: 1048576 bytes, tag: 16 bytes)
[INFO] 2026-06-24 15:39:13 — [BENCHMARK] encryption: 3.671 ms | CPU: 0.0% | RAM: 38.30 MB
[INFO] 2026-06-24 15:39:13 — Computing SHA-256 hash for 1048576 bytes of data
[INFO] 2026-06-24 15:39:13 — SHA-256 hash computed in 1.64 ms: de67099697a67bb5...
[INFO] 2026-06-24 15:39:13 — [BENCHMARK] hash_computation: 1.859 ms | CPU: 0.0% | RAM: 38.30 MB
[INFO] 2026-06-24 15:39:13 — Decapsulating shared secret with Kyber768...
[INFO] 2026-06-24 15:39:13 — Decapsulation completed in 0.12 ms (shared secret: 32 bytes)
[INFO] 2026-06-24 15:39:13 — [BENCHMARK] decapsulation: 0.442 ms | CPU: 0.0% | RAM: 38.30 MB
[INFO] 2026-06-24 15:39:13 — Decrypting data (1048576 bytes)...
[INFO] 2026-06-24 15:39:13 — Decryption completed in 1.82 ms (plaintext: 1048576 bytes)
[INFO] 2026-06-24 15:39:13 — [BENCHMARK] decryption: 2.048 ms | CPU: 0.0% | RAM: 40.01 MB
[INFO] 2026-06-24 15:39:13 — 
--- Iteration 2/5 ---
[INFO] 2026-06-24 15:39:13 — Generating Kyber768 key pair...
[INFO] 2026-06-24 15:39:13 — Key pair generated in 0.14 ms (public key: 1184 bytes, secret key: 2400 bytes)
[INFO] 2026-06-24 15:39:13 — [BENCHMARK] key_generation: 0.344 ms | CPU: 0.0% | RAM: 40.01 MB
[INFO] 2026-06-24 15:39:13 — Encapsulating shared secret with Kyber768...
[INFO] 2026-06-24 15:39:13 — Encapsulation completed in 0.10 ms (ciphertext: 1088 bytes, shared secret: 32 bytes)
[INFO] 2026-06-24 15:39:13 — [BENCHMARK] encapsulation: 0.299 ms | CPU: 0.0% | RAM: 40.01 MB
[INFO] 2026-06-24 15:39:13 — Encrypting file: _benchmark_1048576.bin (1048576 bytes)
[INFO] 2026-06-24 15:39:13 — Encryption completed in 2.28 ms (ciphertext: 1048576 bytes, tag: 16 bytes)
[INFO] 2026-06-24 15:39:13 — [BENCHMARK] encryption: 2.570 ms | CPU: 0.0% | RAM: 42.01 MB
[INFO] 2026-06-24 15:39:13 — Computing SHA-256 hash for 1048576 bytes of data
[INFO] 2026-06-24 15:39:13 — SHA-256 hash computed in 1.66 ms: de67099697a67bb5...
[INFO] 2026-06-24 15:39:13 — [BENCHMARK] hash_computation: 1.877 ms | CPU: 0.0% | RAM: 41.01 MB
[INFO] 2026-06-24 15:39:13 — Decapsulating shared secret with Kyber768...
[INFO] 2026-06-24 15:39:13 — Decapsulation completed in 0.09 ms (shared secret: 32 bytes)
[INFO] 2026-06-24 15:39:13 — [BENCHMARK] decapsulation: 0.296 ms | CPU: 0.0% | RAM: 41.01 MB
[INFO] 2026-06-24 15:39:13 — Decrypting data (1048576 bytes)...
[INFO] 2026-06-24 15:39:13 — Decryption completed in 0.48 ms (plaintext: 1048576 bytes)
[INFO] 2026-06-24 15:39:13 — [BENCHMARK] decryption: 0.674 ms | CPU: 0.0% | RAM: 41.01 MB
[INFO] 2026-06-24 15:39:13 — 
--- Iteration 3/5 ---
[INFO] 2026-06-24 15:39:13 — Generating Kyber768 key pair...
[INFO] 2026-06-24 15:39:13 — Key pair generated in 0.09 ms (public key: 1184 bytes, secret key: 2400 bytes)
[INFO] 2026-06-24 15:39:13 — [BENCHMARK] key_generation: 0.306 ms | CPU: 0.0% | RAM: 41.01 MB
[INFO] 2026-06-24 15:39:13 — Encapsulating shared secret with Kyber768...
[INFO] 2026-06-24 15:39:13 — Encapsulation completed in 0.09 ms (ciphertext: 1088 bytes, shared secret: 32 bytes)
[INFO] 2026-06-24 15:39:13 — [BENCHMARK] encapsulation: 0.280 ms | CPU: 0.0% | RAM: 41.01 MB
[INFO] 2026-06-24 15:39:13 — Encrypting file: _benchmark_1048576.bin (1048576 bytes)
[INFO] 2026-06-24 15:39:13 — Encryption completed in 1.55 ms (ciphertext: 1048576 bytes, tag: 16 bytes)
[INFO] 2026-06-24 15:39:13 — [BENCHMARK] encryption: 1.852 ms | CPU: 0.0% | RAM: 42.01 MB
[INFO] 2026-06-24 15:39:13 — Computing SHA-256 hash for 1048576 bytes of data
[INFO] 2026-06-24 15:39:13 — SHA-256 hash computed in 1.64 ms: de67099697a67bb5...
[INFO] 2026-06-24 15:39:13 — [BENCHMARK] hash_computation: 1.841 ms | CPU: 0.0% | RAM: 42.01 MB
[INFO] 2026-06-24 15:39:13 — Decapsulating shared secret with Kyber768...
[INFO] 2026-06-24 15:39:13 — Decapsulation completed in 0.11 ms (shared secret: 32 bytes)
[INFO] 2026-06-24 15:39:13 — [BENCHMARK] decapsulation: 0.342 ms | CPU: 0.0% | RAM: 42.01 MB
[INFO] 2026-06-24 15:39:13 — Decrypting data (1048576 bytes)...
[INFO] 2026-06-24 15:39:13 — Decryption completed in 0.45 ms (plaintext: 1048576 bytes)
[INFO] 2026-06-24 15:39:13 — [BENCHMARK] decryption: 0.651 ms | CPU: 0.0% | RAM: 42.01 MB
[INFO] 2026-06-24 15:39:13 — 
--- Iteration 4/5 ---
[INFO] 2026-06-24 15:39:13 — Generating Kyber768 key pair...
[INFO] 2026-06-24 15:39:13 — Key pair generated in 0.11 ms (public key: 1184 bytes, secret key: 2400 bytes)
[INFO] 2026-06-24 15:39:13 — [BENCHMARK] key_generation: 0.353 ms | CPU: 0.0% | RAM: 42.01 MB
[INFO] 2026-06-24 15:39:13 — Encapsulating shared secret with Kyber768...
[INFO] 2026-06-24 15:39:13 — Encapsulation completed in 0.06 ms (ciphertext: 1088 bytes, shared secret: 32 bytes)
[INFO] 2026-06-24 15:39:13 — [BENCHMARK] encapsulation: 0.370 ms | CPU: 0.0% | RAM: 42.01 MB
[INFO] 2026-06-24 15:39:13 — Encrypting file: _benchmark_1048576.bin (1048576 bytes)
[INFO] 2026-06-24 15:39:13 — Encryption completed in 0.50 ms (ciphertext: 1048576 bytes, tag: 16 bytes)
[INFO] 2026-06-24 15:39:13 — [BENCHMARK] encryption: 0.725 ms | CPU: 0.0% | RAM: 42.01 MB
[INFO] 2026-06-24 15:39:13 — Computing SHA-256 hash for 1048576 bytes of data
[INFO] 2026-06-24 15:39:13 — SHA-256 hash computed in 0.93 ms: de67099697a67bb5...
[INFO] 2026-06-24 15:39:13 — [BENCHMARK] hash_computation: 1.137 ms | CPU: 0.0% | RAM: 39.74 MB
[INFO] 2026-06-24 15:39:13 — Decapsulating shared secret with Kyber768...
[INFO] 2026-06-24 15:39:13 — Decapsulation completed in 0.07 ms (shared secret: 32 bytes)
[INFO] 2026-06-24 15:39:13 — [BENCHMARK] decapsulation: 0.199 ms | CPU: 0.0% | RAM: 39.74 MB
[INFO] 2026-06-24 15:39:13 — Decrypting data (1048576 bytes)...
[INFO] 2026-06-24 15:39:13 — Decryption completed in 0.68 ms (plaintext: 1048576 bytes)
[INFO] 2026-06-24 15:39:13 — [BENCHMARK] decryption: 0.819 ms | CPU: 0.0% | RAM: 40.62 MB
[INFO] 2026-06-24 15:39:13 — 
--- Iteration 5/5 ---
[INFO] 2026-06-24 15:39:13 — Generating Kyber768 key pair...
[INFO] 2026-06-24 15:39:13 — Key pair generated in 0.10 ms (public key: 1184 bytes, secret key: 2400 bytes)
[INFO] 2026-06-24 15:39:13 — [BENCHMARK] key_generation: 0.363 ms | CPU: 0.0% | RAM: 40.62 MB
[INFO] 2026-06-24 15:39:13 — Encapsulating shared secret with Kyber768...
[INFO] 2026-06-24 15:39:13 — Encapsulation completed in 0.06 ms (ciphertext: 1088 bytes, shared secret: 32 bytes)
[INFO] 2026-06-24 15:39:13 — [BENCHMARK] encapsulation: 0.198 ms | CPU: 0.0% | RAM: 40.62 MB
[INFO] 2026-06-24 15:39:13 — Encrypting file: _benchmark_1048576.bin (1048576 bytes)
[INFO] 2026-06-24 15:39:13 — Encryption completed in 0.89 ms (ciphertext: 1048576 bytes, tag: 16 bytes)
[INFO] 2026-06-24 15:39:13 — [BENCHMARK] encryption: 1.057 ms | CPU: 0.0% | RAM: 41.62 MB
[INFO] 2026-06-24 15:39:13 — Computing SHA-256 hash for 1048576 bytes of data
[INFO] 2026-06-24 15:39:13 — SHA-256 hash computed in 1.36 ms: de67099697a67bb5...
[INFO] 2026-06-24 15:39:13 — [BENCHMARK] hash_computation: 1.604 ms | CPU: 0.0% | RAM: 41.62 MB
[INFO] 2026-06-24 15:39:13 — Decapsulating shared secret with Kyber768...
[INFO] 2026-06-24 15:39:13 — Decapsulation completed in 0.08 ms (shared secret: 32 bytes)
[INFO] 2026-06-24 15:39:13 — [BENCHMARK] decapsulation: 0.211 ms | CPU: 0.0% | RAM: 41.62 MB
[INFO] 2026-06-24 15:39:13 — Decrypting data (1048576 bytes)...
[INFO] 2026-06-24 15:39:13 — Decryption completed in 0.25 ms (plaintext: 1048576 bytes)
[INFO] 2026-06-24 15:39:13 — [BENCHMARK] decryption: 0.370 ms | CPU: 0.0% | RAM: 41.62 MB
[INFO] 2026-06-24 15:39:13 — 
============================================================
[INFO] 2026-06-24 15:39:13 — Benchmarking file size: 10 MB
[INFO] 2026-06-24 15:39:13 — ============================================================
[INFO] 2026-06-24 15:39:13 — 
--- Iteration 1/5 ---
[INFO] 2026-06-24 15:39:13 — Generating Kyber768 key pair...
[INFO] 2026-06-24 15:39:13 — Key pair generated in 0.15 ms (public key: 1184 bytes, secret key: 2400 bytes)
[INFO] 2026-06-24 15:39:13 — [BENCHMARK] key_generation: 0.469 ms | CPU: 0.0% | RAM: 50.62 MB
[INFO] 2026-06-24 15:39:13 — Encapsulating shared secret with Kyber768...
[INFO] 2026-06-24 15:39:13 — Encapsulation completed in 0.12 ms (ciphertext: 1088 bytes, shared secret: 32 bytes)
[INFO] 2026-06-24 15:39:13 — [BENCHMARK] encapsulation: 0.353 ms | CPU: 0.0% | RAM: 50.62 MB
[INFO] 2026-06-24 15:39:13 — Encrypting file: _benchmark_10485760.bin (10485760 bytes)
[INFO] 2026-06-24 15:39:13 — Encryption completed in 11.57 ms (ciphertext: 10485760 bytes, tag: 16 bytes)
[INFO] 2026-06-24 15:39:13 — [BENCHMARK] encryption: 12.558 ms | CPU: 157.9% | RAM: 60.62 MB
[INFO] 2026-06-24 15:39:13 — Computing SHA-256 hash for 10485760 bytes of data
[INFO] 2026-06-24 15:39:13 — SHA-256 hash computed in 15.26 ms: 6ca0d4fc31277adb...
[INFO] 2026-06-24 15:39:13 — [BENCHMARK] hash_computation: 15.539 ms | CPU: 63.9% | RAM: 60.62 MB
[INFO] 2026-06-24 15:39:13 — Decapsulating shared secret with Kyber768...
[INFO] 2026-06-24 15:39:13 — Decapsulation completed in 0.13 ms (shared secret: 32 bytes)
[INFO] 2026-06-24 15:39:13 — [BENCHMARK] decapsulation: 0.351 ms | CPU: 0.0% | RAM: 60.62 MB
[INFO] 2026-06-24 15:39:13 — Decrypting data (10485760 bytes)...
[INFO] 2026-06-24 15:39:13 — Decryption completed in 6.94 ms (plaintext: 10485760 bytes)
[INFO] 2026-06-24 15:39:13 — [BENCHMARK] decryption: 7.267 ms | CPU: 0.0% | RAM: 77.62 MB
[INFO] 2026-06-24 15:39:13 — 
--- Iteration 2/5 ---
[INFO] 2026-06-24 15:39:13 — Generating Kyber768 key pair...
[INFO] 2026-06-24 15:39:13 — Key pair generated in 0.19 ms (public key: 1184 bytes, secret key: 2400 bytes)
[INFO] 2026-06-24 15:39:13 — [BENCHMARK] key_generation: 0.481 ms | CPU: 0.0% | RAM: 77.62 MB
[INFO] 2026-06-24 15:39:13 — Encapsulating shared secret with Kyber768...
[INFO] 2026-06-24 15:39:13 — Encapsulation completed in 0.13 ms (ciphertext: 1088 bytes, shared secret: 32 bytes)
[INFO] 2026-06-24 15:39:13 — [BENCHMARK] encapsulation: 0.431 ms | CPU: 0.0% | RAM: 77.62 MB
[INFO] 2026-06-24 15:39:13 — Encrypting file: _benchmark_10485760.bin (10485760 bytes)
[INFO] 2026-06-24 15:39:13 — Encryption completed in 10.09 ms (ciphertext: 10485760 bytes, tag: 16 bytes)
[INFO] 2026-06-24 15:39:13 — [BENCHMARK] encryption: 10.588 ms | CPU: 186.6% | RAM: 97.62 MB
[INFO] 2026-06-24 15:39:13 — Computing SHA-256 hash for 10485760 bytes of data
[INFO] 2026-06-24 15:39:13 — SHA-256 hash computed in 15.10 ms: 6ca0d4fc31277adb...
[INFO] 2026-06-24 15:39:13 — [BENCHMARK] hash_computation: 15.363 ms | CPU: 64.7% | RAM: 87.62 MB
[INFO] 2026-06-24 15:39:13 — Decapsulating shared secret with Kyber768...
[INFO] 2026-06-24 15:39:13 — Decapsulation completed in 0.15 ms (shared secret: 32 bytes)
[INFO] 2026-06-24 15:39:13 — [BENCHMARK] decapsulation: 0.366 ms | CPU: 0.0% | RAM: 87.62 MB
[INFO] 2026-06-24 15:39:13 — Decrypting data (10485760 bytes)...
[INFO] 2026-06-24 15:39:13 — Decryption completed in 3.98 ms (plaintext: 10485760 bytes)
[INFO] 2026-06-24 15:39:13 — [BENCHMARK] decryption: 4.362 ms | CPU: 222.4% | RAM: 87.62 MB
[INFO] 2026-06-24 15:39:13 — 
--- Iteration 3/5 ---
[INFO] 2026-06-24 15:39:13 — Generating Kyber768 key pair...
[INFO] 2026-06-24 15:39:13 — Key pair generated in 0.16 ms (public key: 1184 bytes, secret key: 2400 bytes)
[INFO] 2026-06-24 15:39:13 — [BENCHMARK] key_generation: 0.378 ms | CPU: 0.0% | RAM: 87.62 MB
[INFO] 2026-06-24 15:39:13 — Encapsulating shared secret with Kyber768...
[INFO] 2026-06-24 15:39:13 — Encapsulation completed in 0.11 ms (ciphertext: 1088 bytes, shared secret: 32 bytes)
[INFO] 2026-06-24 15:39:13 — [BENCHMARK] encapsulation: 0.286 ms | CPU: 0.0% | RAM: 87.62 MB
[INFO] 2026-06-24 15:39:13 — Encrypting file: _benchmark_10485760.bin (10485760 bytes)
[INFO] 2026-06-24 15:39:13 — Encryption completed in 7.97 ms (ciphertext: 10485760 bytes, tag: 16 bytes)
[INFO] 2026-06-24 15:39:13 — [BENCHMARK] encryption: 8.622 ms | CPU: 114.3% | RAM: 97.62 MB
[INFO] 2026-06-24 15:39:13 — Computing SHA-256 hash for 10485760 bytes of data
[INFO] 2026-06-24 15:39:13 — SHA-256 hash computed in 15.16 ms: 6ca0d4fc31277adb...
[INFO] 2026-06-24 15:39:13 — [BENCHMARK] hash_computation: 15.539 ms | CPU: 63.9% | RAM: 97.62 MB
[INFO] 2026-06-24 15:39:13 — Decapsulating shared secret with Kyber768...
[INFO] 2026-06-24 15:39:13 — Decapsulation completed in 0.15 ms (shared secret: 32 bytes)
[INFO] 2026-06-24 15:39:13 — [BENCHMARK] decapsulation: 0.464 ms | CPU: 0.0% | RAM: 97.62 MB
[INFO] 2026-06-24 15:39:13 — Decrypting data (10485760 bytes)...
[INFO] 2026-06-24 15:39:13 — Decryption completed in 4.46 ms (plaintext: 10485760 bytes)
[INFO] 2026-06-24 15:39:13 — [BENCHMARK] decryption: 4.894 ms | CPU: 198.9% | RAM: 97.62 MB
[INFO] 2026-06-24 15:39:13 — 
--- Iteration 4/5 ---
[INFO] 2026-06-24 15:39:13 — Generating Kyber768 key pair...
[INFO] 2026-06-24 15:39:13 — Key pair generated in 0.17 ms (public key: 1184 bytes, secret key: 2400 bytes)
[INFO] 2026-06-24 15:39:13 — [BENCHMARK] key_generation: 0.470 ms | CPU: 0.0% | RAM: 97.62 MB
[INFO] 2026-06-24 15:39:13 — Encapsulating shared secret with Kyber768...
[INFO] 2026-06-24 15:39:13 — Encapsulation completed in 0.12 ms (ciphertext: 1088 bytes, shared secret: 32 bytes)
[INFO] 2026-06-24 15:39:13 — [BENCHMARK] encapsulation: 0.452 ms | CPU: 0.0% | RAM: 97.62 MB
[INFO] 2026-06-24 15:39:13 — Encrypting file: _benchmark_10485760.bin (10485760 bytes)
[INFO] 2026-06-24 15:39:13 — Encryption completed in 7.80 ms (ciphertext: 10485760 bytes, tag: 16 bytes)
[INFO] 2026-06-24 15:39:13 — [BENCHMARK] encryption: 8.315 ms | CPU: 0.0% | RAM: 97.62 MB
[INFO] 2026-06-24 15:39:13 — Computing SHA-256 hash for 10485760 bytes of data
[INFO] 2026-06-24 15:39:13 — SHA-256 hash computed in 14.97 ms: 6ca0d4fc31277adb...
[INFO] 2026-06-24 15:39:13 — [BENCHMARK] hash_computation: 15.373 ms | CPU: 129.0% | RAM: 75.74 MB
[INFO] 2026-06-24 15:39:13 — Decapsulating shared secret with Kyber768...
[INFO] 2026-06-24 15:39:13 — Decapsulation completed in 0.16 ms (shared secret: 32 bytes)
[INFO] 2026-06-24 15:39:13 — [BENCHMARK] decapsulation: 0.408 ms | CPU: 0.0% | RAM: 75.74 MB
[INFO] 2026-06-24 15:39:13 — Decrypting data (10485760 bytes)...
[INFO] 2026-06-24 15:39:13 — Decryption completed in 7.23 ms (plaintext: 10485760 bytes)
[INFO] 2026-06-24 15:39:13 — [BENCHMARK] decryption: 7.651 ms | CPU: 256.9% | RAM: 85.62 MB
[INFO] 2026-06-24 15:39:13 — 
--- Iteration 5/5 ---
[INFO] 2026-06-24 15:39:13 — Generating Kyber768 key pair...
[INFO] 2026-06-24 15:39:13 — Key pair generated in 0.18 ms (public key: 1184 bytes, secret key: 2400 bytes)
[INFO] 2026-06-24 15:39:13 — [BENCHMARK] key_generation: 0.476 ms | CPU: 0.0% | RAM: 85.62 MB
[INFO] 2026-06-24 15:39:13 — Encapsulating shared secret with Kyber768...
[INFO] 2026-06-24 15:39:13 — Encapsulation completed in 0.12 ms (ciphertext: 1088 bytes, shared secret: 32 bytes)
[INFO] 2026-06-24 15:39:13 — [BENCHMARK] encapsulation: 0.420 ms | CPU: 0.0% | RAM: 85.62 MB
[INFO] 2026-06-24 15:39:13 — Encrypting file: _benchmark_10485760.bin (10485760 bytes)
[INFO] 2026-06-24 15:39:13 — Encryption completed in 9.78 ms (ciphertext: 10485760 bytes, tag: 16 bytes)
[INFO] 2026-06-24 15:39:13 — [BENCHMARK] encryption: 10.272 ms | CPU: 0.0% | RAM: 95.62 MB
[INFO] 2026-06-24 15:39:13 — Computing SHA-256 hash for 10485760 bytes of data
[INFO] 2026-06-24 15:39:13 — SHA-256 hash computed in 14.78 ms: 6ca0d4fc31277adb...
[INFO] 2026-06-24 15:39:13 — [BENCHMARK] hash_computation: 15.127 ms | CPU: 131.1% | RAM: 95.62 MB
[INFO] 2026-06-24 15:39:13 — Decapsulating shared secret with Kyber768...
[INFO] 2026-06-24 15:39:13 — Decapsulation completed in 0.15 ms (shared secret: 32 bytes)
[INFO] 2026-06-24 15:39:13 — [BENCHMARK] decapsulation: 0.427 ms | CPU: 0.0% | RAM: 95.62 MB
[INFO] 2026-06-24 15:39:13 — Decrypting data (10485760 bytes)...
[INFO] 2026-06-24 15:39:13 — Decryption completed in 4.55 ms (plaintext: 10485760 bytes)
[INFO] 2026-06-24 15:39:13 — [BENCHMARK] decryption: 4.964 ms | CPU: 194.9% | RAM: 95.62 MB
[INFO] 2026-06-24 15:39:13 — Benchmark results saved to: /home/mole/Documents/Projects/pangolin/data/benchmark_results.json
[INFO] 2026-06-24 15:39:13 — Pangolin PoC finished.
[INFO] 2026-06-24 15:59:51 — Pangolin PoC starting...
[INFO] 2026-06-24 15:59:51 — Generating sample file (102,400 bytes)...
[INFO] 2026-06-24 15:59:51 — Sample file created: /home/mole/Documents/Projects/pangolin/data/sender/sample_document.bin
[INFO] 2026-06-24 15:59:51 — Input file: sample_document.bin (102,400 bytes)
[INFO] 2026-06-24 15:59:51 — Generating Kyber768 key pair...
[INFO] 2026-06-24 15:59:51 — Key pair generated in 2.61 ms (public key: 1184 bytes, secret key: 2400 bytes)
[INFO] 2026-06-24 15:59:51 — Computing SHA-256 hash for: sample_document.bin
[INFO] 2026-06-24 15:59:51 — SHA-256 hash computed in 0.49 ms: 7e27531b00a21950...
[INFO] 2026-06-24 15:59:51 — Encapsulating shared secret with Kyber768...
[INFO] 2026-06-24 15:59:51 — Encapsulation completed in 0.23 ms (ciphertext: 1088 bytes, shared secret: 32 bytes)
[INFO] 2026-06-24 15:59:51 — AES-256 key derived (32 bytes)
[INFO] 2026-06-24 15:59:51 — Encrypting file: sample_document.bin (102400 bytes)
[INFO] 2026-06-24 15:59:51 — Encryption completed in 0.84 ms (ciphertext: 102400 bytes, tag: 16 bytes)
[INFO] 2026-06-24 15:59:51 — Encrypted file saved: /home/mole/Documents/Projects/pangolin/data/encrypted/sample_document.bin.enc
[INFO] 2026-06-24 15:59:51 — KEM ciphertext saved: /home/mole/Documents/Projects/pangolin/data/encrypted/sample_document.bin.kem
[INFO] 2026-06-24 15:59:51 — Metadata created for: sample_document.bin
[INFO] 2026-06-24 15:59:51 — Metadata saved to: /home/mole/Documents/Projects/pangolin/data/encrypted/sample_document.bin.meta.json
[INFO] 2026-06-24 15:59:51 — Simulating batch transfer of 3 file(s)...
[INFO] 2026-06-24 15:59:51 — Batch transfer completed in 1.14 ms (3 file(s), 103,874 bytes total)
[INFO] 2026-06-24 15:59:51 — Decapsulating shared secret with Kyber768...
[INFO] 2026-06-24 15:59:51 — Decapsulation completed in 0.14 ms (shared secret: 32 bytes)
[INFO] 2026-06-24 15:59:51 — Shared secrets match ✓
[INFO] 2026-06-24 15:59:51 — Decrypting data (102400 bytes)...
[INFO] 2026-06-24 15:59:51 — Decryption completed in 0.19 ms (plaintext: 102400 bytes)
[INFO] 2026-06-24 15:59:51 — Decrypted file saved: /home/mole/Documents/Projects/pangolin/data/receiver/decrypted_sample_document.bin
[INFO] 2026-06-24 15:59:51 — Metadata loaded from: /home/mole/Documents/Projects/pangolin/data/receiver/sample_document.bin.meta.json
[INFO] 2026-06-24 15:59:51 — Computing SHA-256 hash for 102400 bytes of data
[INFO] 2026-06-24 15:59:51 — SHA-256 hash computed in 0.19 ms: 7e27531b00a21950...
[INFO] 2026-06-24 15:59:51 — Integrity verification PASSED for decrypted data
[INFO] 2026-06-24 15:59:51 — Pangolin PoC finished.
[INFO] 2026-06-24 16:01:58 — Pangolin PoC starting...
[INFO] 2026-06-24 16:01:58 — Input file: Pride and Prejudice (1813).pdf (26,414,681 bytes)
[INFO] 2026-06-24 16:01:58 — Generating Kyber768 key pair...
[INFO] 2026-06-24 16:01:58 — Key pair generated in 0.94 ms (public key: 1184 bytes, secret key: 2400 bytes)
[INFO] 2026-06-24 16:01:58 — Computing SHA-256 hash for: Pride and Prejudice (1813).pdf
[INFO] 2026-06-24 16:01:58 — SHA-256 hash computed in 54.59 ms: 98608f8158146a75...
[INFO] 2026-06-24 16:01:58 — Encapsulating shared secret with Kyber768...
[INFO] 2026-06-24 16:01:58 — Encapsulation completed in 0.47 ms (ciphertext: 1088 bytes, shared secret: 32 bytes)
[INFO] 2026-06-24 16:01:58 — AES-256 key derived (32 bytes)
[INFO] 2026-06-24 16:01:58 — Encrypting file: Pride and Prejudice (1813).pdf (26414681 bytes)
[INFO] 2026-06-24 16:01:58 — Encryption completed in 52.40 ms (ciphertext: 26414681 bytes, tag: 16 bytes)
[INFO] 2026-06-24 16:01:58 — Encrypted file saved: /home/mole/Documents/Projects/pangolin/data/encrypted/Pride and Prejudice (1813).pdf.enc
[INFO] 2026-06-24 16:01:58 — KEM ciphertext saved: /home/mole/Documents/Projects/pangolin/data/encrypted/Pride and Prejudice (1813).pdf.kem
[INFO] 2026-06-24 16:01:58 — Metadata created for: Pride and Prejudice (1813).pdf
[INFO] 2026-06-24 16:01:58 — Metadata saved to: /home/mole/Documents/Projects/pangolin/data/encrypted/Pride and Prejudice (1813).pdf.meta.json
[INFO] 2026-06-24 16:01:58 — Simulating batch transfer of 3 file(s)...
[INFO] 2026-06-24 16:01:58 — Batch transfer completed in 101.23 ms (3 file(s), 26,416,170 bytes total)
[INFO] 2026-06-24 16:01:58 — Decapsulating shared secret with Kyber768...
[INFO] 2026-06-24 16:01:58 — Decapsulation completed in 0.22 ms (shared secret: 32 bytes)
[INFO] 2026-06-24 16:01:58 — Shared secrets match ✓
[INFO] 2026-06-24 16:01:58 — Decrypting data (26414681 bytes)...
[INFO] 2026-06-24 16:01:58 — Decryption completed in 21.01 ms (plaintext: 26414681 bytes)
[INFO] 2026-06-24 16:01:58 — Decrypted file saved: /home/mole/Documents/Projects/pangolin/data/receiver/decrypted_Pride and Prejudice (1813).pdf
[INFO] 2026-06-24 16:01:58 — Metadata loaded from: /home/mole/Documents/Projects/pangolin/data/receiver/Pride and Prejudice (1813).pdf.meta.json
[INFO] 2026-06-24 16:01:58 — Computing SHA-256 hash for 26414681 bytes of data
[INFO] 2026-06-24 16:01:59 — SHA-256 hash computed in 40.01 ms: 98608f8158146a75...
[INFO] 2026-06-24 16:01:59 — Integrity verification PASSED for decrypted data
[INFO] 2026-06-24 16:01:59 — Pangolin PoC finished.
